# JRE version: Java(TM) SE Runtime Environment (8.0_45-b14) (build 1.8.0_45-b14)
# Java VM: Java HotSpot(TM) 64-Bit Server VM (25.45-b02 mixed mode bsd-amd64 compressed oops)
Heap:
 PSYoungGen      total 708096K, used 85403K [0x000000076ab00000, 0x00000007bbe00000, 0x00000007c0000000)
  eden space 697856K, 11% used [0x000000076ab00000,0x000000076f7e7fa8,0x0000000795480000)
  from space 10240K, 64% used [0x00000007baa00000,0x00000007bb07eef8,0x00000007bb400000)
  to   space 10240K, 0% used [0x00000007bb400000,0x00000007bb400000,0x00000007bbe00000)
 ParOldGen       total 117248K, used 39166K [0x00000006c0000000, 0x00000006c7280000, 0x000000076ab00000)
  object space 117248K, 33% used [0x00000006c0000000,0x00000006c263fa60,0x00000006c7280000)
 Metaspace       used 3891K, capacity 4604K, committed 4864K, reserved 1056768K
  class space    used 411K, capacity 428K, committed 512K, reserved 1048576K
GC Heap History (10 events):
Event: 157.413 GC heap before
{Heap before GC invocations=364 (full 3):
 PSYoungGen      total 722944K, used 721470K [0x000000076ab00000, 0x00000007bcf80000, 0x00000007c0000000)
  eden space 716288K, 99% used [0x000000076ab00000,0x0000000796521058,0x0000000796680000)
  from space 6656K, 98% used [0x00000007bc900000,0x00000007bcf6e910,0x00000007bcf80000)
  to   space 9728K, 0% used [0x00000007bbc80000,0x00000007bbc80000,0x00000007bc600000)
 ParOldGen       total 117248K, used 32441K [0x00000006c0000000, 0x00000006c7280000, 0x000000076ab00000)
  object space 117248K, 27% used [0x00000006c0000000,0x00000006c1fae490,0x00000006c7280000)
 Metaspace       used 3867K, capacity 4604K, committed 4864K, reserved 1056768K
  class space    used 409K, capacity 428K, committed 512K, reserved 1048576K
Event: 157.414 GC heap after
Heap after GC invocations=364 (full 3):
 PSYoungGen      total 691200K, used 6614K [0x000000076ab00000, 0x00000007bc980000, 0x00000007c0000000)
  eden space 684544K, 0% used [0x000000076ab00000,0x000000076ab00000,0x0000000794780000)
  from space 6656K, 99% used [0x00000007bbc80000,0x00000007bc2f5970,0x00000007bc300000)
  to   space 6656K, 0% used [0x00000007bc300000,0x00000007bc300000,0x00000007bc980000)
 ParOldGen       total 117248K, used 32505K [0x00000006c0000000, 0x00000006c7280000, 0x000000076ab00000)
  object space 117248K, 27% used [0x00000006c0000000,0x00000006c1fbe490,0x00000006c7280000)
 Metaspace       used 3867K, capacity 4604K, committed 4864K, reserved 1056768K
  class space    used 409K, capacity 428K, committed 512K, reserved 1048576K
}
Event: 157.574 GC heap before
{Heap before GC invocations=365 (full 3):
 PSYoungGen      total 691200K, used 686085K [0x000000076ab00000, 0x00000007bc980000, 0x00000007c0000000)
  eden space 684544K, 99% used [0x000000076ab00000,0x000000079428bc00,0x0000000794780000)
  from space 6656K, 99% used [0x00000007bbc80000,0x00000007bc2f5970,0x00000007bc300000)
  to   space 6656K, 0% used [0x00000007bc300000,0x00000007bc300000,0x00000007bc980000)
 ParOldGen       total 117248K, used 32505K [0x00000006c0000000, 0x00000006c7280000, 0x000000076ab00000)
  object space 117248K, 27% used [0x00000006c0000000,0x00000006c1fbe490,0x00000006c7280000)
 Metaspace       used 3867K, capacity 4604K, committed 4864K, reserved 1056768K
  class space    used 409K, capacity 428K, committed 512K, reserved 1048576K
Event: 157.576 GC heap after
Heap after GC invocations=365 (full 3):
 PSYoungGen      total 660992K, used 6642K [0x000000076ab00000, 0x00000007bc980000, 0x00000007c0000000)
  eden space 654336K, 0% used [0x000000076ab00000,0x000000076ab00000,0x0000000792a00000)
  from space 6656K, 99% used [0x00000007bc300000,0x00000007bc97cb00,0x00000007bc980000)
  to   space 9728K, 0% used [0x00000007bb680000,0x00000007bb680000,0x00000007bc000000)
 ParOldGen       total 117248K, used 32577K [0x00000006c0000000, 0x00000006c7280000, 0x000000076ab00000)
  object space 117248K, 27% used [0x00000006c0000000,0x00000006c1fd0490,0x00000006c7280000)
 Metaspace       used 3867K, capacity 4604K, committed 4864K, reserved 1056768K
  class space    used 409K, capacity 428K, committed 512K, reserved 1048576K
}
Event: 157.726 GC heap before
{Heap before GC invocations=366 (full 3):
 PSYoungGen      total 660992K, used 660978K [0x000000076ab00000, 0x00000007bc980000, 0x00000007c0000000)
  eden space 654336K, 100% used [0x000000076ab00000,0x0000000792a00000,0x0000000792a00000)
  from space 6656K, 99% used [0x00000007bc300000,0x00000007bc97cb00,0x00000007bc980000)
  to   space 9728K, 0% used [0x00000007bb680000,0x00000007bb680000,0x00000007bc000000)
 ParOldGen       total 117248K, used 32577K [0x00000006c0000000, 0x00000006c7280000, 0x000000076ab00000)
  object space 117248K, 27% used [0x00000006c0000000,0x00000006c1fd0490,0x00000006c7280000)
 Metaspace       used 3867K, capacity 4604K, committed 4864K, reserved 1056768K
  class space    used 409K, capacity 428K, committed 512K, reserved 1048576K
Event: 157.727 GC heap after
Heap after GC invocations=366 (full 3):
 PSYoungGen      total 632832K, used 6666K [0x000000076ab00000, 0x00000007bc380000, 0x00000007c0000000)
  eden space 625664K, 0% used [0x000000076ab00000,0x000000076ab00000,0x0000000790e00000)
  from space 7168K, 93% used [0x00000007bb680000,0x00000007bbd02a08,0x00000007bbd80000)
  to   space 6144K, 0% used [0x00000007bbd80000,0x00000007bbd80000,0x00000007bc380000)
 ParOldGen       total 117248K, used 32641K [0x00000006c0000000, 0x00000006c7280000, 0x000000076ab00000)
  object space 117248K, 27% used [0x00000006c0000000,0x00000006c1fe0490,0x00000006c7280000)
 Metaspace       used 3867K, capacity 4604K, committed 4864K, reserved 1056768K
  class space    used 409K, capacity 428K, committed 512K, reserved 1048576K
}
Event: 157.869 GC heap before
{Heap before GC invocations=367 (full 3):
 PSYoungGen      total 632832K, used 626443K [0x000000076ab00000, 0x00000007bc380000, 0x00000007c0000000)
  eden space 625664K, 99% used [0x000000076ab00000,0x00000007908404a8,0x0000000790e00000)
  from space 7168K, 93% used [0x00000007bb680000,0x00000007bbd02a08,0x00000007bbd80000)
  to   space 6144K, 0% used [0x00000007bbd80000,0x00000007bbd80000,0x00000007bc380000)
 ParOldGen       total 117248K, used 32641K [0x00000006c0000000, 0x00000006c7280000, 0x000000076ab00000)
  object space 117248K, 27% used [0x00000006c0000000,0x00000006c1fe0490,0x00000006c7280000)
 Metaspace       used 3867K, capacity 4604K, committed 4864K, reserved 1056768K
  class space    used 409K, capacity 428K, committed 512K, reserved 1048576K
Event: 157.873 GC heap after
Heap after GC invocations=367 (full 3):
 PSYoungGen      total 599040K, used 288K [0x000000076ab00000, 0x00000007bbe00000, 0x00000007c0000000)
  eden space 598528K, 0% used [0x000000076ab00000,0x000000076ab00000,0x000000078f380000)
  from space 512K, 56% used [0x00000007bbd80000,0x00000007bbdc8000,0x00000007bbe00000)
  to   space 10240K, 0% used [0x00000007baa00000,0x00000007baa00000,0x00000007bb400000)
 ParOldGen       total 117248K, used 39110K [0x00000006c0000000, 0x00000006c7280000, 0x000000076ab00000)
  object space 117248K, 33% used [0x00000006c0000000,0x00000006c2631a60,0x00000006c7280000)
 Metaspace       used 3867K, capacity 4604K, committed 4864K, reserved 1056768K
  class space    used 409K, capacity 428K, committed 512K, reserved 1048576K
}
Event: 158.025 GC heap before
{Heap before GC invocations=368 (full 3):
 PSYoungGen      total 599040K, used 596153K [0x000000076ab00000, 0x00000007bbe00000, 0x00000007c0000000)
  eden space 598528K, 99% used [0x000000076ab00000,0x000000078f0e67b0,0x000000078f380000)
  from space 512K, 56% used [0x00000007bbd80000,0x00000007bbdc8000,0x00000007bbe00000)
  to   space 10240K, 0% used [0x00000007baa00000,0x00000007baa00000,0x00000007bb400000)
 ParOldGen       total 117248K, used 39110K [0x00000006c0000000, 0x00000006c7280000, 0x000000076ab00000)
  object space 117248K, 33% used [0x00000006c0000000,0x00000006c2631a60,0x00000006c7280000)
 Metaspace       used 3867K, capacity 4604K, committed 4864K, reserved 1056768K
  class space    used 409K, capacity 428K, committed 512K, reserved 1048576K
Event: 158.029 GC heap after
Heap after GC invocations=368 (full 3):
 PSYoungGen      total 708096K, used 6651K [0x000000076ab00000, 0x00000007bbe00000, 0x00000007c0000000)
  eden space 697856K, 0% used [0x000000076ab00000,0x000000076ab00000,0x0000000795480000)
  from space 10240K, 64% used [0x00000007baa00000,0x00000007bb07eef8,0x00000007bb400000)
  to   space 10240K, 0% used [0x00000007bb400000,0x00000007bb400000,0x00000007bbe00000)
 ParOldGen       total 117248K, used 39166K [0x00000006c0000000, 0x00000006c7280000, 0x000000076ab00000)
  object space 117248K, 33% used [0x00000006c0000000,0x00000006c263fa60,0x00000006c7280000)
 Metaspace       used 3867K, capacity 4604K, committed 4864K, reserved 1056768K
  class space    used 409K, capacity 428K, committed 512K, reserved 1048576K
}

